<?xml version="1.0" encoding="UTF-8"?>
<!-- Generated by org.testng.reporters.JUnitReportReporter -->
<testsuite hostname="Atuls-MacBook-Air.local" failures="0" tests="1" name="PageObject.amazonTestRunner" time="62.616" errors="0" timestamp="2023-01-14T12:00:14 IST" skipped="0">
  <testcase classname="PageObject.amazonTestRunner" name="runScenario" time="62.616"/>
  <system-out/>
</testsuite> <!-- PageObject.amazonTestRunner -->
