<?xml version="1.0" encoding="UTF-8"?>
<!-- Generated by org.testng.reporters.JUnitReportReporter -->
<testsuite hostname="Atuls-MacBook-Air.local" failures="0" tests="1" name="PageObject.Runner" time="61.913" errors="0" timestamp="2023-01-14T15:10:05 IST" skipped="0">
  <testcase classname="PageObject.Runner" name="runScenario" time="61.913"/>
  <system-out/>
</testsuite> <!-- PageObject.Runner -->
