<?xml version="1.0" encoding="UTF-8"?>
<!-- Generated by org.testng.reporters.JUnitReportReporter -->
<testsuite hostname="Atuls-MacBook-Air.local" failures="0" tests="1" name="amazonSteps.amazonTestRunner" time="64.504" errors="0" timestamp="2023-01-14T11:21:32 IST" skipped="0">
  <testcase classname="amazonSteps.amazonTestRunner" name="runScenario" time="64.504"/>
  <system-out/>
</testsuite> <!-- amazonSteps.amazonTestRunner -->
